This is pdfTeX, Version 3.14159265-2.6-1.40.19 (MiKTeX 2.9.6745 64-bit) (preloaded format=pdflatex 2018.7.18)  25 JUL 2018 01:44
entering extended mode
**./template_thesis.tex
(template_thesis.tex
LaTeX2e <2018-04-01> patch level 5
(C:\Users\julian\AppData\Roaming\MiKTeX\2.9\tex\latex\koma-script\scrbook.cls
Document Class: scrbook 2018/03/30 v3.25 KOMA-Script document class (book)
(C:\Users\julian\AppData\Roaming\MiKTeX\2.9\tex\latex\koma-script\scrkbase.sty
Package: scrkbase 2018/03/30 v3.25 KOMA-Script package (KOMA-Script-dependent b
asics and keyval usage)

(C:\Users\julian\AppData\Roaming\MiKTeX\2.9\tex\latex\koma-script\scrbase.sty
Package: scrbase 2018/03/30 v3.25 KOMA-Script package (KOMA-Script-independent 
basics and keyval usage)

(D:\ProgrammeD\miktex\tex\latex\graphics\keyval.sty
Package: keyval 2014/10/28 v1.15 key=value parser (DPC)
\KV@toks@=\toks14
)
(C:\Users\julian\AppData\Roaming\MiKTeX\2.9\tex\latex\koma-script\scrlfile.sty
Package: scrlfile 2018/03/30 v3.25 KOMA-Script package (loading files)
)))
(C:\Users\julian\AppData\Roaming\MiKTeX\2.9\tex\latex\koma-script\tocbasic.sty
Package: tocbasic 2018/03/30 v3.25 KOMA-Script package (handling toc-files)
\scr@dte@tocline@numberwidth=\skip41
\scr@dte@tocline@numbox=\box26
)
Package tocbasic Info: omitting babel extension for `toc'
(tocbasic)             because of feature `nobabel' available
(tocbasic)             for `toc' on input line 136.
Package tocbasic Info: defining new hook before heading of `' on input line 166
3.
Package scrbook Info: You've used standard option `11pt'.
(scrbook)             This is correct!
(scrbook)             Internally I'm using `fontsize=11pt'.
(scrbook)             If you'd like to set the option with \KOMAoptions,
(scrbook)             you'd have to use `fontsize=11pt' there
(scrbook)             instead of `11pt', too.

Class scrbook Warning: You've used obsolete option `bibtotoc'.
(scrbook)              Usage of this option indicates an old document
(scrbook)              and changes compatibility level using
(scrbook)              `bibliography=totoc,version=first,
(scrbook)              enabledeprecatedfontcommands' that may result
(scrbook)              in further warnings.
(scrbook)              If you don't want this, you should simply
(scrbook)              replace option `bibtotoc' by `bibliography=totoc'.

Class scrbook Info: Switching compatibility level to `first'.

Class scrbook Warning: deprecated option `enabledeprecatedfontcommands'.
(scrbook)              Note, that this option was already depreacted when
(scrbook)              it has been defined. Support for old font commands
(scrbook)              has been removed from KOMA-Script more than one
(scrbook)              decade ago. It is not recommended to use them any
(scrbook)              longer. Therefore usage of this class option also
(scrbook)              is not recommended.

Class scrbook Info: File `scrsize11pt.clo' used to setup font sizes on input li
ne 2331.

(C:\Users\julian\AppData\Roaming\MiKTeX\2.9\tex\latex\koma-script\scrsize11pt.c
lo
File: scrsize11pt.clo 2018/03/30 v3.25 KOMA-Script font size class option (11pt
)
)
(C:\Users\julian\AppData\Roaming\MiKTeX\2.9\tex\latex\koma-script\typearea.sty
Package: typearea 2018/03/30 v3.25 KOMA-Script package (type area)
\ta@bcor=\skip42
\ta@div=\count80
Package typearea Info: You've used standard option `a4paper'.
(typearea)             This is correct!
(typearea)             Internally I'm using `paper=a4'.
(typearea)             If you'd like to set the option with \KOMAoptions,
(typearea)             you'd have to use `paper=a4' there
(typearea)             instead of `a4paper', too.


Package typearea Warning: You've used obsolete option `BCOR18mm'.
(typearea)                Usage of this option indicates an old document
(typearea)                and changes compatibility level using
(typearea)                `BCOR=18mm,version=first,
(typearea)                enabledeprecatedfontcommands' that may result
(typearea)                in further warnings.
(typearea)                If you don't want this, you should simply
(typearea)                replace option `BCOR18mm' by `BCOR=18mm'.

Package typearea Info: Switching compatibility level to `first'.

Package typearea Warning: You've used obsolete option `DIV14'.
(typearea)                Usage of this option indicates an old document
(typearea)                and changes compatibility level using
(typearea)                `DIV=14,version=first,
(typearea)                enabledeprecatedfontcommands' that may result
(typearea)                in further warnings.
(typearea)                If you don't want this, you should simply
(typearea)                replace option `DIV14' by `DIV=14'.

Package typearea Info: Switching compatibility level to `first'.
\ta@hblk=\skip43
\ta@vblk=\skip44
\ta@temp=\skip45
\footheight=\skip46
Package typearea Info: These are the values describing the layout:
(typearea)             DIV  = 14
(typearea)             BCOR = 51.21495pt
(typearea)             \paperwidth      = 597.50793pt
(typearea)              \textwidth      = 429.23022pt
(typearea)              DIV departure   = -9%
(typearea)              \evensidemargin = 5.77185pt
(typearea)              \oddsidemargin  = 17.96588pt
(typearea)             \paperheight     = 845.04694pt
(typearea)              \textheight     = 636.60028pt
(typearea)              \topmargin      = -11.9095pt
(typearea)              \headheight     = 17.0pt
(typearea)              \headsep        = 20.40001pt
(typearea)              \topskip        = 11.0pt
(typearea)              \footskip       = 47.6pt
(typearea)              \baselineskip   = 13.6pt
(typearea)              on input line 1706.
)
\c@part=\count81
\c@chapter=\count82
\c@section=\count83
\c@subsection=\count84
\c@subsubsection=\count85
\c@paragraph=\count86
\c@subparagraph=\count87
\scr@dte@part@maxnumwidth=\skip47
\scr@dte@chapter@maxnumwidth=\skip48
\scr@dte@section@maxnumwidth=\skip49
\scr@dte@subsection@maxnumwidth=\skip50
\scr@dte@subsubsection@maxnumwidth=\skip51
\scr@dte@paragraph@maxnumwidth=\skip52
\scr@dte@subparagraph@maxnumwidth=\skip53
\abovecaptionskip=\skip54
\belowcaptionskip=\skip55
\c@pti@nb@sid@b@x=\box27
\scr@dte@figure@maxnumwidth=\skip56
Package tocbasic Info: omitting babel extension for `lof'
(tocbasic)             because of feature `nobabel' available
(tocbasic)             for `lof' on input line 6251.
\c@figure=\count88
\scr@dte@table@maxnumwidth=\skip57
Package tocbasic Info: omitting babel extension for `lot'
(tocbasic)             because of feature `nobabel' available
(tocbasic)             for `lot' on input line 6272.
\c@table=\count89
Class scrbook Info: Using old \@makefntext due to compatibility level
(scrbook)           less than 3.22 on input line 6432.
Class scrbook Info: Redefining `\numberline' on input line 6445.
\bibindent=\dimen102
) (D:\ProgrammeD\miktex\tex\latex\base\inputenc.sty
Package: inputenc 2018/04/06 v1.3b Input encoding file
\inpenc@prehook=\toks15
\inpenc@posthook=\toks16
)
(D:\ProgrammeD\miktex\tex\latex\tools\enumerate.sty
Package: enumerate 2015/07/23 v3.00 enumerate extensions (DPC)
\@enLab=\toks17
)
(C:\Users\julian\AppData\Roaming\MiKTeX\2.9\tex\latex\caption\subcaption.sty
Package: subcaption 2018/05/01 v1.1-162 Sub-captions (AR)

(C:\Users\julian\AppData\Roaming\MiKTeX\2.9\tex\latex\caption\caption.sty
Package: caption 2018/05/01 v3.3-147 Customizing captions (AR)

(C:\Users\julian\AppData\Roaming\MiKTeX\2.9\tex\latex\caption\caption3.sty
Package: caption3 2018/05/27 v1.8a caption3 kernel (AR)
Package caption3 Info: TeX engine: e-TeX on input line 64.
\captionmargin=\dimen103
\captionmargin@=\dimen104
\captionwidth=\dimen105
\caption@tempdima=\dimen106
\caption@indent=\dimen107
\caption@parindent=\dimen108
\caption@hangindent=\dimen109
)
Package caption Info: KOMA-Script document class.
\c@ContinuedFloat=\count90
)
\c@subfigure=\count91
\c@subtable=\count92
)
(D:\ProgrammeD\miktex\tex\latex\tools\longtable.sty
Package: longtable 2014/10/28 v4.11 Multi-page Table package (DPC)
\LTleft=\skip58
\LTright=\skip59
\LTpre=\skip60
\LTpost=\skip61
\LTchunksize=\count93
\LTcapwidth=\dimen110
\LT@head=\box28
\LT@firsthead=\box29
\LT@foot=\box30
\LT@lastfoot=\box31
\LT@cols=\count94
\LT@rows=\count95
\c@LT@tables=\count96
\c@LT@chunks=\count97
\LT@p@ftn=\toks18
)
Class scrbook Info: longtable captions redefined on input line 30.

(C:\Users\julian\AppData\Roaming\MiKTeX\2.9\tex\latex\pgfplots\pgfplots.sty
(C:\Users\julian\AppData\Roaming\MiKTeX\2.9\tex\generic\pgfplots\pgfplots.revis
ion.tex)
Package: pgfplots 2018/03/28 v1.16 Data Visualization (1.16)
 (D:\ProgrammeD\miktex\tex\latex\graphics\graphicx.sty
Package: graphicx 2017/06/01 v1.1a Enhanced LaTeX Graphics (DPC,SPQR)

(D:\ProgrammeD\miktex\tex\latex\graphics\graphics.sty
Package: graphics 2017/06/25 v1.2c Standard LaTeX Graphics (DPC,SPQR)

(D:\ProgrammeD\miktex\tex\latex\graphics\trig.sty
Package: trig 2016/01/03 v1.10 sin cos tan (DPC)
)
(D:\ProgrammeD\miktex\tex\latex\graphics-cfg\graphics.cfg
File: graphics.cfg 2016/06/04 v1.11 sample graphics configuration
)
Package graphics Info: Driver file: pdftex.def on input line 99.

(D:\ProgrammeD\miktex\tex\latex\graphics-def\pdftex.def
File: pdftex.def 2018/01/08 v1.0l Graphics/color driver for pdftex
))
\Gin@req@height=\dimen111
\Gin@req@width=\dimen112
)
(C:\Users\julian\AppData\Roaming\MiKTeX\2.9\tex\latex\pgf\frontendlayer\tikz.st
y (C:\Users\julian\AppData\Roaming\MiKTeX\2.9\tex\latex\pgf\basiclayer\pgf.sty
(C:\Users\julian\AppData\Roaming\MiKTeX\2.9\tex\latex\pgf\utilities\pgfrcs.sty
(C:\Users\julian\AppData\Roaming\MiKTeX\2.9\tex\generic\pgf\utilities\pgfutil-c
ommon.tex
\pgfutil@everybye=\toks19
\pgfutil@tempdima=\dimen113
\pgfutil@tempdimb=\dimen114

(C:\Users\julian\AppData\Roaming\MiKTeX\2.9\tex\generic\pgf\utilities\pgfutil-c
ommon-lists.tex))
(C:\Users\julian\AppData\Roaming\MiKTeX\2.9\tex\generic\pgf\utilities\pgfutil-l
atex.def
\pgfutil@abb=\box32
 (C:\Users\julian\AppData\Roaming\MiKTeX\2.9\tex\latex\ms\everyshi.sty
Package: everyshi 2001/05/15 v3.00 EveryShipout Package (MS)
))
(C:\Users\julian\AppData\Roaming\MiKTeX\2.9\tex\generic\pgf\utilities\pgfrcs.co
de.tex
Package: pgfrcs 2015/08/07 v3.0.1a (rcs-revision 1.31)
))
Package: pgf 2015/08/07 v3.0.1a (rcs-revision 1.15)

(C:\Users\julian\AppData\Roaming\MiKTeX\2.9\tex\latex\pgf\basiclayer\pgfcore.st
y
(C:\Users\julian\AppData\Roaming\MiKTeX\2.9\tex\latex\pgf\systemlayer\pgfsys.st
y
(C:\Users\julian\AppData\Roaming\MiKTeX\2.9\tex\generic\pgf\systemlayer\pgfsys.
code.tex
Package: pgfsys 2014/07/09 v3.0.1a (rcs-revision 1.48)

(C:\Users\julian\AppData\Roaming\MiKTeX\2.9\tex\generic\pgf\utilities\pgfkeys.c
ode.tex
\pgfkeys@pathtoks=\toks20
\pgfkeys@temptoks=\toks21

(C:\Users\julian\AppData\Roaming\MiKTeX\2.9\tex\generic\pgf\utilities\pgfkeysfi
ltered.code.tex
\pgfkeys@tmptoks=\toks22
))
\pgf@x=\dimen115
\pgf@y=\dimen116
\pgf@xa=\dimen117
\pgf@ya=\dimen118
\pgf@xb=\dimen119
\pgf@yb=\dimen120
\pgf@xc=\dimen121
\pgf@yc=\dimen122
\w@pgf@writea=\write3
\r@pgf@reada=\read1
\c@pgf@counta=\count98
\c@pgf@countb=\count99
\c@pgf@countc=\count100
\c@pgf@countd=\count101
\t@pgf@toka=\toks23
\t@pgf@tokb=\toks24
\t@pgf@tokc=\toks25

(C:\Users\julian\AppData\Roaming\MiKTeX\2.9\tex\generic\pgf\systemlayer\pgf.cfg
File: pgf.cfg 2008/05/14  (rcs-revision 1.7)
)
Driver file for pgf: pgfsys-pdftex.def

(C:\Users\julian\AppData\Roaming\MiKTeX\2.9\tex\generic\pgf\systemlayer\pgfsys-
pdftex.def
File: pgfsys-pdftex.def 2014/10/11  (rcs-revision 1.35)

(C:\Users\julian\AppData\Roaming\MiKTeX\2.9\tex\generic\pgf\systemlayer\pgfsys-
common-pdf.def
File: pgfsys-common-pdf.def 2013/10/10  (rcs-revision 1.13)
)))
(C:\Users\julian\AppData\Roaming\MiKTeX\2.9\tex\generic\pgf\systemlayer\pgfsyss
oftpath.code.tex
File: pgfsyssoftpath.code.tex 2013/09/09  (rcs-revision 1.9)
\pgfsyssoftpath@smallbuffer@items=\count102
\pgfsyssoftpath@bigbuffer@items=\count103
)
(C:\Users\julian\AppData\Roaming\MiKTeX\2.9\tex\generic\pgf\systemlayer\pgfsysp
rotocol.code.tex
File: pgfsysprotocol.code.tex 2006/10/16  (rcs-revision 1.4)
))
(C:\Users\julian\AppData\Roaming\MiKTeX\2.9\tex\latex\xcolor\xcolor.sty
Package: xcolor 2016/05/11 v2.12 LaTeX color extensions (UK)

(D:\ProgrammeD\miktex\tex\latex\graphics-cfg\color.cfg
File: color.cfg 2016/01/02 v1.6 sample color configuration
)
Package xcolor Info: Driver file: pdftex.def on input line 225.
Package xcolor Info: Model `cmy' substituted by `cmy0' on input line 1348.
Package xcolor Info: Model `hsb' substituted by `rgb' on input line 1352.
Package xcolor Info: Model `RGB' extended on input line 1364.
Package xcolor Info: Model `HTML' substituted by `rgb' on input line 1366.
Package xcolor Info: Model `Hsb' substituted by `hsb' on input line 1367.
Package xcolor Info: Model `tHsb' substituted by `hsb' on input line 1368.
Package xcolor Info: Model `HSB' substituted by `hsb' on input line 1369.
Package xcolor Info: Model `Gray' substituted by `gray' on input line 1370.
Package xcolor Info: Model `wave' substituted by `hsb' on input line 1371.
)
(C:\Users\julian\AppData\Roaming\MiKTeX\2.9\tex\generic\pgf\basiclayer\pgfcore.
code.tex
Package: pgfcore 2010/04/11 v3.0.1a (rcs-revision 1.7)

(C:\Users\julian\AppData\Roaming\MiKTeX\2.9\tex\generic\pgf\math\pgfmath.code.t
ex
(C:\Users\julian\AppData\Roaming\MiKTeX\2.9\tex\generic\pgf\math\pgfmathcalc.co
de.tex
(C:\Users\julian\AppData\Roaming\MiKTeX\2.9\tex\generic\pgf\math\pgfmathutil.co
de.tex)
(C:\Users\julian\AppData\Roaming\MiKTeX\2.9\tex\generic\pgf\math\pgfmathparser.
code.tex
\pgfmath@dimen=\dimen123
\pgfmath@count=\count104
\pgfmath@box=\box33
\pgfmath@toks=\toks26
\pgfmath@stack@operand=\toks27
\pgfmath@stack@operation=\toks28
)
(C:\Users\julian\AppData\Roaming\MiKTeX\2.9\tex\generic\pgf\math\pgfmathfunctio
ns.code.tex
(C:\Users\julian\AppData\Roaming\MiKTeX\2.9\tex\generic\pgf\math\pgfmathfunctio
ns.basic.code.tex)
(C:\Users\julian\AppData\Roaming\MiKTeX\2.9\tex\generic\pgf\math\pgfmathfunctio
ns.trigonometric.code.tex)
(C:\Users\julian\AppData\Roaming\MiKTeX\2.9\tex\generic\pgf\math\pgfmathfunctio
ns.random.code.tex)
(C:\Users\julian\AppData\Roaming\MiKTeX\2.9\tex\generic\pgf\math\pgfmathfunctio
ns.comparison.code.tex)
(C:\Users\julian\AppData\Roaming\MiKTeX\2.9\tex\generic\pgf\math\pgfmathfunctio
ns.base.code.tex)
(C:\Users\julian\AppData\Roaming\MiKTeX\2.9\tex\generic\pgf\math\pgfmathfunctio
ns.round.code.tex)
(C:\Users\julian\AppData\Roaming\MiKTeX\2.9\tex\generic\pgf\math\pgfmathfunctio
ns.misc.code.tex)
(C:\Users\julian\AppData\Roaming\MiKTeX\2.9\tex\generic\pgf\math\pgfmathfunctio
ns.integerarithmetics.code.tex)))
(C:\Users\julian\AppData\Roaming\MiKTeX\2.9\tex\generic\pgf\math\pgfmathfloat.c
ode.tex
\c@pgfmathroundto@lastzeros=\count105
))
(C:\Users\julian\AppData\Roaming\MiKTeX\2.9\tex\generic\pgf\basiclayer\pgfcorep
oints.code.tex
File: pgfcorepoints.code.tex 2013/10/07  (rcs-revision 1.27)
\pgf@picminx=\dimen124
\pgf@picmaxx=\dimen125
\pgf@picminy=\dimen126
\pgf@picmaxy=\dimen127
\pgf@pathminx=\dimen128
\pgf@pathmaxx=\dimen129
\pgf@pathminy=\dimen130
\pgf@pathmaxy=\dimen131
\pgf@xx=\dimen132
\pgf@xy=\dimen133
\pgf@yx=\dimen134
\pgf@yy=\dimen135
\pgf@zx=\dimen136
\pgf@zy=\dimen137
)
(C:\Users\julian\AppData\Roaming\MiKTeX\2.9\tex\generic\pgf\basiclayer\pgfcorep
athconstruct.code.tex
File: pgfcorepathconstruct.code.tex 2013/10/07  (rcs-revision 1.29)
\pgf@path@lastx=\dimen138
\pgf@path@lasty=\dimen139
)
(C:\Users\julian\AppData\Roaming\MiKTeX\2.9\tex\generic\pgf\basiclayer\pgfcorep
athusage.code.tex
File: pgfcorepathusage.code.tex 2014/11/02  (rcs-revision 1.24)
\pgf@shorten@end@additional=\dimen140
\pgf@shorten@start@additional=\dimen141
)
(C:\Users\julian\AppData\Roaming\MiKTeX\2.9\tex\generic\pgf\basiclayer\pgfcores
copes.code.tex
File: pgfcorescopes.code.tex 2015/05/08  (rcs-revision 1.46)
\pgfpic=\box34
\pgf@hbox=\box35
\pgf@layerbox@main=\box36
\pgf@picture@serial@count=\count106
)
(C:\Users\julian\AppData\Roaming\MiKTeX\2.9\tex\generic\pgf\basiclayer\pgfcoreg
raphicstate.code.tex
File: pgfcoregraphicstate.code.tex 2014/11/02  (rcs-revision 1.12)
\pgflinewidth=\dimen142
)
(C:\Users\julian\AppData\Roaming\MiKTeX\2.9\tex\generic\pgf\basiclayer\pgfcoret
ransformations.code.tex
File: pgfcoretransformations.code.tex 2015/08/07  (rcs-revision 1.20)
\pgf@pt@x=\dimen143
\pgf@pt@y=\dimen144
\pgf@pt@temp=\dimen145
)
(C:\Users\julian\AppData\Roaming\MiKTeX\2.9\tex\generic\pgf\basiclayer\pgfcoreq
uick.code.tex
File: pgfcorequick.code.tex 2008/10/09  (rcs-revision 1.3)
)
(C:\Users\julian\AppData\Roaming\MiKTeX\2.9\tex\generic\pgf\basiclayer\pgfcoreo
bjects.code.tex
File: pgfcoreobjects.code.tex 2006/10/11  (rcs-revision 1.2)
)
(C:\Users\julian\AppData\Roaming\MiKTeX\2.9\tex\generic\pgf\basiclayer\pgfcorep
athprocessing.code.tex
File: pgfcorepathprocessing.code.tex 2013/09/09  (rcs-revision 1.9)
)
(C:\Users\julian\AppData\Roaming\MiKTeX\2.9\tex\generic\pgf\basiclayer\pgfcorea
rrows.code.tex
File: pgfcorearrows.code.tex 2015/05/14  (rcs-revision 1.43)
\pgfarrowsep=\dimen146
)
(C:\Users\julian\AppData\Roaming\MiKTeX\2.9\tex\generic\pgf\basiclayer\pgfcores
hade.code.tex
File: pgfcoreshade.code.tex 2013/07/15  (rcs-revision 1.15)
\pgf@max=\dimen147
\pgf@sys@shading@range@num=\count107
)
(C:\Users\julian\AppData\Roaming\MiKTeX\2.9\tex\generic\pgf\basiclayer\pgfcorei
mage.code.tex
File: pgfcoreimage.code.tex 2013/07/15  (rcs-revision 1.18)

(C:\Users\julian\AppData\Roaming\MiKTeX\2.9\tex\generic\pgf\basiclayer\pgfcoree
xternal.code.tex
File: pgfcoreexternal.code.tex 2014/07/09  (rcs-revision 1.21)
\pgfexternal@startupbox=\box37
))
(C:\Users\julian\AppData\Roaming\MiKTeX\2.9\tex\generic\pgf\basiclayer\pgfcorel
ayers.code.tex
File: pgfcorelayers.code.tex 2013/07/18  (rcs-revision 1.7)
)
(C:\Users\julian\AppData\Roaming\MiKTeX\2.9\tex\generic\pgf\basiclayer\pgfcoret
ransparency.code.tex
File: pgfcoretransparency.code.tex 2013/09/30  (rcs-revision 1.5)
)
(C:\Users\julian\AppData\Roaming\MiKTeX\2.9\tex\generic\pgf\basiclayer\pgfcorep
atterns.code.tex
File: pgfcorepatterns.code.tex 2013/11/07  (rcs-revision 1.5)
)))
(C:\Users\julian\AppData\Roaming\MiKTeX\2.9\tex\generic\pgf\modules\pgfmodulesh
apes.code.tex
File: pgfmoduleshapes.code.tex 2014/03/21  (rcs-revision 1.35)
\pgfnodeparttextbox=\box38
)
(C:\Users\julian\AppData\Roaming\MiKTeX\2.9\tex\generic\pgf\modules\pgfmodulepl
ot.code.tex
File: pgfmoduleplot.code.tex 2015/08/03  (rcs-revision 1.13)
)
(C:\Users\julian\AppData\Roaming\MiKTeX\2.9\tex\latex\pgf\compatibility\pgfcomp
-version-0-65.sty
Package: pgfcomp-version-0-65 2007/07/03 v3.0.1a (rcs-revision 1.7)
\pgf@nodesepstart=\dimen148
\pgf@nodesepend=\dimen149
)
(C:\Users\julian\AppData\Roaming\MiKTeX\2.9\tex\latex\pgf\compatibility\pgfcomp
-version-1-18.sty
Package: pgfcomp-version-1-18 2007/07/23 v3.0.1a (rcs-revision 1.1)
))
(C:\Users\julian\AppData\Roaming\MiKTeX\2.9\tex\latex\pgf\utilities\pgffor.sty
(C:\Users\julian\AppData\Roaming\MiKTeX\2.9\tex\latex\pgf\utilities\pgfkeys.sty

(C:\Users\julian\AppData\Roaming\MiKTeX\2.9\tex\generic\pgf\utilities\pgfkeys.c
ode.tex))
(C:\Users\julian\AppData\Roaming\MiKTeX\2.9\tex\latex\pgf\math\pgfmath.sty
(C:\Users\julian\AppData\Roaming\MiKTeX\2.9\tex\generic\pgf\math\pgfmath.code.t
ex))
(C:\Users\julian\AppData\Roaming\MiKTeX\2.9\tex\generic\pgf\utilities\pgffor.co
de.tex
Package: pgffor 2013/12/13 v3.0.1a (rcs-revision 1.25)

(C:\Users\julian\AppData\Roaming\MiKTeX\2.9\tex\generic\pgf\math\pgfmath.code.t
ex)
\pgffor@iter=\dimen150
\pgffor@skip=\dimen151
\pgffor@stack=\toks29
\pgffor@toks=\toks30
))
(C:\Users\julian\AppData\Roaming\MiKTeX\2.9\tex\generic\pgf\frontendlayer\tikz\
tikz.code.tex
Package: tikz 2015/08/07 v3.0.1a (rcs-revision 1.151)

(C:\Users\julian\AppData\Roaming\MiKTeX\2.9\tex\generic\pgf\libraries\pgflibrar
yplothandlers.code.tex
File: pgflibraryplothandlers.code.tex 2013/08/31 v3.0.1a (rcs-revision 1.20)
\pgf@plot@mark@count=\count108
\pgfplotmarksize=\dimen152
)
\tikz@lastx=\dimen153
\tikz@lasty=\dimen154
\tikz@lastxsaved=\dimen155
\tikz@lastysaved=\dimen156
\tikzleveldistance=\dimen157
\tikzsiblingdistance=\dimen158
\tikz@figbox=\box39
\tikz@figbox@bg=\box40
\tikz@tempbox=\box41
\tikz@tempbox@bg=\box42
\tikztreelevel=\count109
\tikznumberofchildren=\count110
\tikznumberofcurrentchild=\count111
\tikz@fig@count=\count112

(C:\Users\julian\AppData\Roaming\MiKTeX\2.9\tex\generic\pgf\modules\pgfmodulema
trix.code.tex
File: pgfmodulematrix.code.tex 2013/09/17  (rcs-revision 1.8)
\pgfmatrixcurrentrow=\count113
\pgfmatrixcurrentcolumn=\count114
\pgf@matrix@numberofcolumns=\count115
)
\tikz@expandcount=\count116

(C:\Users\julian\AppData\Roaming\MiKTeX\2.9\tex\generic\pgf\frontendlayer\tikz\
libraries\tikzlibrarytopaths.code.tex
File: tikzlibrarytopaths.code.tex 2008/06/17 v3.0.1a (rcs-revision 1.2)
)))
(C:\Users\julian\AppData\Roaming\MiKTeX\2.9\tex\generic\pgfplots\pgfplots.code.
tex
(C:\Users\julian\AppData\Roaming\MiKTeX\2.9\tex\generic\pgfplots\pgfplotscore.c
ode.tex
\t@pgfplots@toka=\toks31
\t@pgfplots@tokb=\toks32
\t@pgfplots@tokc=\toks33
\pgfplots@tmpa=\dimen159
\c@pgfplots@coordindex=\count117
\c@pgfplots@scanlineindex=\count118

(C:\Users\julian\AppData\Roaming\MiKTeX\2.9\tex\generic\pgfplots\sys\pgfplotssy
sgeneric.code.tex))
(C:\Users\julian\AppData\Roaming\MiKTeX\2.9\tex\generic\pgfplots\libs\pgfplotsl
ibrary.code.tex)
(C:\Users\julian\AppData\Roaming\MiKTeX\2.9\tex\generic\pgfplots\oldpgfcompatib
\pgfplotsoldpgfsupp_loader.code.tex
(C:\Users\julian\AppData\Roaming\MiKTeX\2.9\tex\generic\pgf\libraries\pgflibrar
yfpu.code.tex)
Package pgfplots: loading complementary arithmetics for your pgf version...

(C:\Users\julian\AppData\Roaming\MiKTeX\2.9\tex\generic\pgfplots\oldpgfcompatib
\pgfplotsoldpgfsupp_pgflibraryfpu.code.tex)
(C:\Users\julian\AppData\Roaming\MiKTeX\2.9\tex\generic\pgfplots\oldpgfcompatib
\pgfplotsoldpgfsupp_pgfmathfloat.code.tex
\c@pgfmathroundto@lastzeros=\count119
)
(C:\Users\julian\AppData\Roaming\MiKTeX\2.9\tex\generic\pgfplots\oldpgfcompatib
\pgfplotsoldpgfsupp_leq.code.tex))
(C:\Users\julian\AppData\Roaming\MiKTeX\2.9\tex\generic\pgfplots\util\pgfplotsu
til.code.tex
(C:\Users\julian\AppData\Roaming\MiKTeX\2.9\tex\generic\pgfplots\liststructure\
pgfplotsliststructure.code.tex)
(C:\Users\julian\AppData\Roaming\MiKTeX\2.9\tex\generic\pgfplots\liststructure\
pgfplotsliststructureext.code.tex)
(C:\Users\julian\AppData\Roaming\MiKTeX\2.9\tex\generic\pgfplots\liststructure\
pgfplotsarray.code.tex
\c@pgfplotsarray@tmp=\count120
)
(C:\Users\julian\AppData\Roaming\MiKTeX\2.9\tex\generic\pgfplots\liststructure\
pgfplotsmatrix.code.tex)
(C:\Users\julian\AppData\Roaming\MiKTeX\2.9\tex\generic\pgfplots\numtable\pgfpl
otstableshared.code.tex
\c@pgfplotstable@counta=\count121
\t@pgfplotstable@a=\toks34
)
(C:\Users\julian\AppData\Roaming\MiKTeX\2.9\tex\generic\pgfplots\liststructure\
pgfplotsdeque.code.tex)
(C:\Users\julian\AppData\Roaming\MiKTeX\2.9\tex\generic\pgfplots\util\pgfplotsb
inary.code.tex
(C:\Users\julian\AppData\Roaming\MiKTeX\2.9\tex\generic\pgfplots\util\pgfplotsb
inary.data.code.tex))
(C:\Users\julian\AppData\Roaming\MiKTeX\2.9\tex\generic\pgfplots\util\pgfplotsu
til.verb.code.tex)
(C:\Users\julian\AppData\Roaming\MiKTeX\2.9\tex\generic\pgfplots\libs\pgflibrar
ypgfplots.surfshading.code.tex
\c@pgfplotslibrarysurf@no=\count122

(C:\Users\julian\AppData\Roaming\MiKTeX\2.9\tex\generic\pgfplots\sys\pgflibrary
pgfplots.surfshading.pgfsys-pdftex.def)))
(C:\Users\julian\AppData\Roaming\MiKTeX\2.9\tex\generic\pgfplots\util\pgfplotsc
olormap.code.tex
(C:\Users\julian\AppData\Roaming\MiKTeX\2.9\tex\generic\pgfplots\util\pgfplotsc
olor.code.tex))
(C:\Users\julian\AppData\Roaming\MiKTeX\2.9\tex\generic\pgfplots\pgfplotsstacke
dplots.code.tex)
(C:\Users\julian\AppData\Roaming\MiKTeX\2.9\tex\generic\pgfplots\pgfplotsplotha
ndlers.code.tex
(C:\Users\julian\AppData\Roaming\MiKTeX\2.9\tex\generic\pgfplots\pgfplotsmeshpl
othandler.code.tex
(C:\Users\julian\AppData\Roaming\MiKTeX\2.9\tex\generic\pgfplots\pgfplotsmeshpl
otimage.code.tex)))
(C:\Users\julian\AppData\Roaming\MiKTeX\2.9\tex\generic\pgfplots\pgfplots.scali
ng.code.tex)
(C:\Users\julian\AppData\Roaming\MiKTeX\2.9\tex\generic\pgfplots\pgfplotscoordp
rocessing.code.tex)
(C:\Users\julian\AppData\Roaming\MiKTeX\2.9\tex\generic\pgfplots\pgfplots.error
bars.code.tex)
(C:\Users\julian\AppData\Roaming\MiKTeX\2.9\tex\generic\pgfplots\pgfplots.marke
rs.code.tex)
(C:\Users\julian\AppData\Roaming\MiKTeX\2.9\tex\generic\pgfplots\pgfplotsticks.
code.tex)
(C:\Users\julian\AppData\Roaming\MiKTeX\2.9\tex\generic\pgfplots\pgfplots.paths
.code.tex)
(C:\Users\julian\AppData\Roaming\MiKTeX\2.9\tex\generic\pgf\frontendlayer\tikz\
libraries\tikzlibrarydecorations.code.tex
(C:\Users\julian\AppData\Roaming\MiKTeX\2.9\tex\generic\pgf\modules\pgfmodulede
corations.code.tex
\pgfdecoratedcompleteddistance=\dimen160
\pgfdecoratedremainingdistance=\dimen161
\pgfdecoratedinputsegmentcompleteddistance=\dimen162
\pgfdecoratedinputsegmentremainingdistance=\dimen163
\pgf@decorate@distancetomove=\dimen164
\pgf@decorate@repeatstate=\count123
\pgfdecorationsegmentamplitude=\dimen165
\pgfdecorationsegmentlength=\dimen166
)
\tikz@lib@dec@box=\box43
)
(C:\Users\julian\AppData\Roaming\MiKTeX\2.9\tex\generic\pgf\frontendlayer\tikz\
libraries\tikzlibrarydecorations.pathmorphing.code.tex
(C:\Users\julian\AppData\Roaming\MiKTeX\2.9\tex\generic\pgf\libraries\decoratio
ns\pgflibrarydecorations.pathmorphing.code.tex))
(C:\Users\julian\AppData\Roaming\MiKTeX\2.9\tex\generic\pgf\frontendlayer\tikz\
libraries\tikzlibrarydecorations.pathreplacing.code.tex
(C:\Users\julian\AppData\Roaming\MiKTeX\2.9\tex\generic\pgf\libraries\decoratio
ns\pgflibrarydecorations.pathreplacing.code.tex))
\pgfplots@numplots=\count124
\pgfplots@xmin@reg=\dimen167
\pgfplots@xmax@reg=\dimen168
\pgfplots@ymin@reg=\dimen169
\pgfplots@ymax@reg=\dimen170
\pgfplots@zmin@reg=\dimen171
\pgfplots@zmax@reg=\dimen172
)
(C:\Users\julian\AppData\Roaming\MiKTeX\2.9\tex\generic\pgf\frontendlayer\tikz\
libraries\tikzlibraryplotmarks.code.tex
File: tikzlibraryplotmarks.code.tex 2008/01/09 v3.0.1a (rcs-revision 1.1)

(C:\Users\julian\AppData\Roaming\MiKTeX\2.9\tex\generic\pgf\libraries\pgflibrar
yplotmarks.code.tex
File: pgflibraryplotmarks.code.tex 2015/08/03 v3.0.1a (rcs-revision 1.14)
)))
(C:\Users\julian\AppData\Roaming\MiKTeX\2.9\tex\generic\pgf\frontendlayer\tikz\
libraries\tikzlibrarydecorations.markings.code.tex
(C:\Users\julian\AppData\Roaming\MiKTeX\2.9\tex\generic\pgf\libraries\decoratio
ns\pgflibrarydecorations.markings.code.tex))
(D:\ProgrammeD\miktex\tex\latex\hyperref\hyperref.sty
Package: hyperref 2018/02/06 v6.86b Hypertext links for LaTeX

(D:\ProgrammeD\miktex\tex\generic\oberdiek\hobsub-hyperref.sty
Package: hobsub-hyperref 2016/05/16 v1.14 Bundle oberdiek, subset hyperref (HO)


(D:\ProgrammeD\miktex\tex\generic\oberdiek\hobsub-generic.sty
Package: hobsub-generic 2016/05/16 v1.14 Bundle oberdiek, subset generic (HO)
Package: hobsub 2016/05/16 v1.14 Construct package bundles (HO)
Package: infwarerr 2016/05/16 v1.4 Providing info/warning/error messages (HO)
Package: ltxcmds 2016/05/16 v1.23 LaTeX kernel commands for general use (HO)
Package: ifluatex 2016/05/16 v1.4 Provides the ifluatex switch (HO)
Package ifluatex Info: LuaTeX not detected.
Package: ifvtex 2016/05/16 v1.6 Detect VTeX and its facilities (HO)
Package ifvtex Info: VTeX not detected.
Package: intcalc 2016/05/16 v1.2 Expandable calculations with integers (HO)
Package: ifpdf 2017/03/15 v3.2 Provides the ifpdf switch
Package: etexcmds 2016/05/16 v1.6 Avoid name clashes with e-TeX commands (HO)
Package etexcmds Info: Could not find \expanded.
(etexcmds)             That can mean that you are not using pdfTeX 1.50 or
(etexcmds)             that some package has redefined \expanded.
(etexcmds)             In the latter case, load this package earlier.
Package: kvsetkeys 2016/05/16 v1.17 Key value parser (HO)
Package: kvdefinekeys 2016/05/16 v1.4 Define keys (HO)
Package: pdftexcmds 2018/01/30 v0.27 Utility functions of pdfTeX for LuaTeX (HO
)
Package pdftexcmds Info: LuaTeX not detected.
Package pdftexcmds Info: \pdf@primitive is available.
Package pdftexcmds Info: \pdf@ifprimitive is available.
Package pdftexcmds Info: \pdfdraftmode found.
Package: pdfescape 2016/05/16 v1.14 Implements pdfTeX's escape features (HO)
Package: bigintcalc 2016/05/16 v1.4 Expandable calculations on big integers (HO
)
Package: bitset 2016/05/16 v1.2 Handle bit-vector datatype (HO)
Package: uniquecounter 2016/05/16 v1.3 Provide unlimited unique counter (HO)
)
Package hobsub Info: Skipping package `hobsub' (already loaded).
Package: letltxmacro 2016/05/16 v1.5 Let assignment for LaTeX macros (HO)
Package: hopatch 2016/05/16 v1.3 Wrapper for package hooks (HO)
Package: xcolor-patch 2016/05/16 xcolor patch
Package: atveryend 2016/05/16 v1.9 Hooks at the very end of document (HO)
Package atveryend Info: \enddocument detected (standard20110627).
Package: atbegshi 2016/06/09 v1.18 At begin shipout hook (HO)
Package: refcount 2016/05/16 v3.5 Data extraction from label references (HO)
Package: hycolor 2016/05/16 v1.8 Color options for hyperref/bookmark (HO)
)
(D:\ProgrammeD\miktex\tex\generic\ifxetex\ifxetex.sty
Package: ifxetex 2010/09/12 v0.6 Provides ifxetex conditional
)
(D:\ProgrammeD\miktex\tex\latex\oberdiek\auxhook.sty
Package: auxhook 2016/05/16 v1.4 Hooks for auxiliary files (HO)
)
(D:\ProgrammeD\miktex\tex\latex\oberdiek\kvoptions.sty
Package: kvoptions 2016/05/16 v3.12 Key value format for package options (HO)
)
\@linkdim=\dimen173
\Hy@linkcounter=\count125
\Hy@pagecounter=\count126

(D:\ProgrammeD\miktex\tex\latex\hyperref\pd1enc.def
File: pd1enc.def 2018/02/06 v6.86b Hyperref: PDFDocEncoding definition (HO)
Now handling font encoding PD1 ...
... no UTF-8 mapping file for font encoding PD1
)
\Hy@SavedSpaceFactor=\count127

(D:\ProgrammeD\miktex\tex\latex\00miktex\hyperref.cfg
File: hyperref.cfg 2002/06/06 v1.2 hyperref configuration of TeXLive
)
Package hyperref Info: Hyper figures OFF on input line 4509.
Package hyperref Info: Link nesting OFF on input line 4514.
Package hyperref Info: Hyper index ON on input line 4517.
Package hyperref Info: Plain pages OFF on input line 4524.
Package hyperref Info: Backreferencing OFF on input line 4529.
Package hyperref Info: Implicit mode ON; LaTeX internals redefined.
Package hyperref Info: Bookmarks ON on input line 4762.
\c@Hy@tempcnt=\count128

(C:\Users\julian\AppData\Roaming\MiKTeX\2.9\tex\latex\url\url.sty
\Urlmuskip=\muskip10
Package: url 2013/09/16  ver 3.4  Verb mode for urls, etc.
)
LaTeX Info: Redefining \url on input line 5115.
\XeTeXLinkMargin=\dimen174
\Fld@menulength=\count129
\Field@Width=\dimen175
\Fld@charsize=\dimen176
Package hyperref Info: Hyper figures OFF on input line 6369.
Package hyperref Info: Link nesting OFF on input line 6374.
Package hyperref Info: Hyper index ON on input line 6377.
Package hyperref Info: backreferencing OFF on input line 6384.
Package hyperref Info: Link coloring OFF on input line 6389.
Package hyperref Info: Link coloring with OCG OFF on input line 6394.
Package hyperref Info: PDF/A mode OFF on input line 6399.
LaTeX Info: Redefining \ref on input line 6439.
LaTeX Info: Redefining \pageref on input line 6443.
\Hy@abspage=\count130
\c@Item=\count131
\c@Hfootnote=\count132
)
Package hyperref Info: Driver (autodetected): hpdftex.

(D:\ProgrammeD\miktex\tex\latex\hyperref\hpdftex.def
File: hpdftex.def 2018/02/06 v6.86b Hyperref driver for pdfTeX
\Fld@listcount=\count133
\c@bookmark@seq@number=\count134

(D:\ProgrammeD\miktex\tex\latex\oberdiek\rerunfilecheck.sty
Package: rerunfilecheck 2016/05/16 v1.8 Rerun checks for auxiliary files (HO)
Package uniquecounter Info: New unique counter `rerunfilecheck' on input line 2
82.
)
\Hy@SectionHShift=\skip62
)
(C:\Users\julian\AppData\Roaming\MiKTeX\2.9\tex\latex\theoremref\theoremref.sty
Package: theoremref 2013/05/22 References with automatic theorem names
\thmref@num=\count135
) (C:\Users\julian\AppData\Roaming\MiKTeX\2.9\tex\latex\setspace\setspace.sty
Package: setspace 2011/12/19 v6.7a set line spacing
)
(C:\Users\julian\AppData\Roaming\MiKTeX\2.9\tex\latex\todonotes\todonotes.sty
Package: todonotes 2015/07/09 .dtx Todonotes source and documentation.
Package: todonotes 2012/07/25

(D:\ProgrammeD\miktex\tex\latex\base\ifthen.sty
Package: ifthen 2014/09/29 v1.1c Standard LaTeX ifthen package (DPC)
)
(D:\ProgrammeD\miktex\tex\latex\xkeyval\xkeyval.sty
Package: xkeyval 2014/12/03 v2.7a package option processing (HA)

(D:\ProgrammeD\miktex\tex\generic\xkeyval\xkeyval.tex
(D:\ProgrammeD\miktex\tex\generic\xkeyval\xkvutils.tex
\XKV@toks=\toks35
\XKV@tempa@toks=\toks36
)
\XKV@depth=\count136
File: xkeyval.tex 2014/12/03 v2.7a key=value parser (HA)
))
(C:\Users\julian\AppData\Roaming\MiKTeX\2.9\tex\generic\pgf\frontendlayer\tikz\
libraries\tikzlibrarypositioning.code.tex
File: tikzlibrarypositioning.code.tex 2008/10/06 v3.0.1a (rcs-revision 1.7)
)
(D:\ProgrammeD\miktex\tex\latex\tools\calc.sty
Package: calc 2017/05/25 v4.3 Infix arithmetic (KKT,FJ)
\calc@Acount=\count137
\calc@Bcount=\count138
\calc@Adimen=\dimen177
\calc@Bdimen=\dimen178
\calc@Askip=\skip63
\calc@Bskip=\skip64
LaTeX Info: Redefining \setlength on input line 80.
LaTeX Info: Redefining \addtolength on input line 81.
\calc@Ccount=\count139
\calc@Cskip=\skip65
)
\c@@todonotes@numberoftodonotes=\count140
)
(C:\Users\julian\AppData\Roaming\MiKTeX\2.9\tex\latex\breakcites\breakcites.sty
) (C:\Users\julian\AppData\Roaming\MiKTeX\2.9\tex\latex\footmisc\footmisc.sty
Package: footmisc 2011/06/06 v5.5b a miscellany of footnote facilities
\FN@temptoken=\toks37
\footnotemargin=\dimen179
\c@pp@next@reset=\count141
Package footmisc Info: Declaring symbol style bringhurst on input line 855.
Package footmisc Info: Declaring symbol style chicago on input line 863.
Package footmisc Info: Declaring symbol style wiley on input line 872.
Package footmisc Info: Declaring symbol style lamport-robust on input line 883.

Package footmisc Info: Declaring symbol style lamport* on input line 903.
Package footmisc Info: Declaring symbol style lamport*-robust on input line 924
.
)
(C:\Users\julian\AppData\Roaming\MiKTeX\2.9\tex\generic\pgf\frontendlayer\tikz\
libraries\tikzlibraryangles.code.tex
File: tikzlibraryangles.code.tex 2013/08/28 v3.0.1a (rcs-revision 1.1)
)
(C:\Users\julian\AppData\Roaming\MiKTeX\2.9\tex\generic\pgf\frontendlayer\tikz\
libraries\tikzlibraryquotes.code.tex
File: tikzlibraryquotes.code.tex 2014/03/21 v3.0.1a (rcs-revision 1.4)
)
(D:\ProgrammeD\miktex\tex\latex\amsfonts\amsfonts.sty
Package: amsfonts 2013/01/14 v3.01 Basic AMSFonts support
\@emptytoks=\toks38
\symAMSa=\mathgroup4
\symAMSb=\mathgroup5
LaTeX Font Info:    Overwriting math alphabet `\mathfrak' in version `bold'
(Font)                  U/euf/m/n --> U/euf/b/n on input line 106.
)
(D:\ProgrammeD\miktex\tex\latex\amsmath\amsmath.sty
Package: amsmath 2017/09/02 v2.17a AMS math features
\@mathmargin=\skip66

For additional information on amsmath, use the `?' option.
(D:\ProgrammeD\miktex\tex\latex\amsmath\amstext.sty
Package: amstext 2000/06/29 v2.01 AMS text

(D:\ProgrammeD\miktex\tex\latex\amsmath\amsgen.sty
File: amsgen.sty 1999/11/30 v2.0 generic functions
\@emptytoks=\toks39
\ex@=\dimen180
))
(D:\ProgrammeD\miktex\tex\latex\amsmath\amsbsy.sty
Package: amsbsy 1999/11/29 v1.2d Bold Symbols
\pmbraise@=\dimen181
)
(D:\ProgrammeD\miktex\tex\latex\amsmath\amsopn.sty
Package: amsopn 2016/03/08 v2.02 operator names
)
\inf@bad=\count142
LaTeX Info: Redefining \frac on input line 213.
\uproot@=\count143
\leftroot@=\count144
LaTeX Info: Redefining \overline on input line 375.
\classnum@=\count145
\DOTSCASE@=\count146
LaTeX Info: Redefining \ldots on input line 472.
LaTeX Info: Redefining \dots on input line 475.
LaTeX Info: Redefining \cdots on input line 596.
\Mathstrutbox@=\box44
\strutbox@=\box45
\big@size=\dimen182
LaTeX Font Info:    Redeclaring font encoding OML on input line 712.
LaTeX Font Info:    Redeclaring font encoding OMS on input line 713.
\macc@depth=\count147
\c@MaxMatrixCols=\count148
\dotsspace@=\muskip11
\c@parentequation=\count149
\dspbrk@lvl=\count150
\tag@help=\toks40
\row@=\count151
\column@=\count152
\maxfields@=\count153
\andhelp@=\toks41
\eqnshift@=\dimen183
\alignsep@=\dimen184
\tagshift@=\dimen185
\tagwidth@=\dimen186
\totwidth@=\dimen187
\lineht@=\dimen188
\@envbody=\toks42
\multlinegap=\skip67
\multlinetaggap=\skip68
\mathdisplay@stack=\toks43
LaTeX Info: Redefining \[ on input line 2817.
LaTeX Info: Redefining \] on input line 2818.
)
(D:\ProgrammeD\miktex\tex\latex\amsfonts\amssymb.sty
Package: amssymb 2013/01/14 v3.01 AMS font symbols
)
(D:\ProgrammeD\miktex\tex\latex\amscls\amsthm.sty
Package: amsthm 2017/10/31 v2.20.4
\thm@style=\toks44
\thm@bodyfont=\toks45
\thm@headfont=\toks46
\thm@notefont=\toks47
\thm@headpunct=\toks48
\thm@preskip=\skip69
\thm@postskip=\skip70
\thm@headsep=\skip71
\dth@everypar=\toks49
)
(C:\Users\julian\AppData\Roaming\MiKTeX\2.9\tex\latex\doublestroke\dsfont.sty
Package: dsfont 1995/08/01 v0.1 Double stroke roman fonts
)
(C:\Users\julian\AppData\Roaming\MiKTeX\2.9\tex\generic\pgf\frontendlayer\tikz\
libraries\tikzlibrarycalc.code.tex
File: tikzlibrarycalc.code.tex 2013/07/15 v3.0.1a (rcs-revision 1.9)
)
(C:\Users\julian\AppData\Roaming\MiKTeX\2.9\tex\latex\glossaries\base\glossarie
s.sty
Package: glossaries 2018/06/01 v4.40 (NLCT)

(C:\Users\julian\AppData\Roaming\MiKTeX\2.9\tex\latex\mfirstuc\mfirstuc.sty
Package: mfirstuc 2017/11/14 v2.06 (NLCT)

(C:\Users\julian\AppData\Roaming\MiKTeX\2.9\tex\latex\etoolbox\etoolbox.sty
Package: etoolbox 2018/02/11 v2.5e e-TeX tools for LaTeX (JAW)
\etb@tempcnta=\count154
)
\@glsmfirst=\toks50
\@glsmrest=\toks51
)
(C:\Users\julian\AppData\Roaming\MiKTeX\2.9\tex\latex\textcase\textcase.sty
Package: textcase 2004/10/07 v0.07 Text only upper/lower case changing (DPC)
)
(C:\Users\julian\AppData\Roaming\MiKTeX\2.9\tex\latex\xfor\xfor.sty
Package: xfor 2009/02/05 v1.05 (NLCT)
)
(C:\Users\julian\AppData\Roaming\MiKTeX\2.9\tex\latex\datatool\datatool-base.st
y
Package: datatool-base 2018/04/16 v2.30 (NLCT)
 (C:\Users\julian\AppData\Roaming\MiKTeX\2.9\tex\latex\substr\substr.sty
Package: substr 2009/10/20 v1.2 Handle substrings
\c@su@anzahl=\count155
)
(C:\Users\julian\AppData\Roaming\MiKTeX\2.9\tex\latex\datatool\datatool-fp.sty
Package: datatool-fp 2018/04/16 v2.30 (NLCT)

(C:\Users\julian\AppData\Roaming\MiKTeX\2.9\tex\latex\fp\fp.sty
Package: fp 1995/04/02

`Fixed Point Package', Version 0.8, April 2, 1995 (C) Michael Mehlich
(C:\Users\julian\AppData\Roaming\MiKTeX\2.9\tex\latex\fp\defpattern.sty
Package: defpattern 1994/10/12
\actioncount=\count156
)
(C:\Users\julian\AppData\Roaming\MiKTeX\2.9\tex\latex\fp\fp-basic.sty
Package: fp-basic 1996/05/13
\FP@xs=\count157
\FP@xia=\count158
\FP@xib=\count159
\FP@xfa=\count160
\FP@xfb=\count161
\FP@rega=\count162
\FP@regb=\count163
\FP@regs=\count164
\FP@times=\count165
)
(C:\Users\julian\AppData\Roaming\MiKTeX\2.9\tex\latex\fp\fp-addons.sty
Package: fp-addons 1995/03/15
)
(C:\Users\julian\AppData\Roaming\MiKTeX\2.9\tex\latex\fp\fp-snap.sty
Package: fp-snap 1995/04/05
)
(C:\Users\julian\AppData\Roaming\MiKTeX\2.9\tex\latex\fp\fp-exp.sty
Package: fp-exp 1995/04/03
)
(C:\Users\julian\AppData\Roaming\MiKTeX\2.9\tex\latex\fp\fp-trigo.sty
Package: fp-trigo 1995/04/14
)
(C:\Users\julian\AppData\Roaming\MiKTeX\2.9\tex\latex\fp\fp-pas.sty
Package: fp-pas 1994/08/29
)
(C:\Users\julian\AppData\Roaming\MiKTeX\2.9\tex\latex\fp\fp-random.sty
Package: fp-random 1995/02/23
\FPseed=\count166
)
(C:\Users\julian\AppData\Roaming\MiKTeX\2.9\tex\latex\fp\fp-eqn.sty
Package: fp-eqn 1995/04/03
)
(C:\Users\julian\AppData\Roaming\MiKTeX\2.9\tex\latex\fp\fp-upn.sty
Package: fp-upn 1996/10/21
)
(C:\Users\julian\AppData\Roaming\MiKTeX\2.9\tex\latex\fp\fp-eval.sty
Package: fp-eval 1995/04/03
)))
\@dtl@toks=\toks52
\@dtl@tmpcount=\count167
\dtl@tmplength=\skip72
\dtl@sortresult=\count168
\@dtl@numgrpsepcount=\count169
\@dtl@datatype=\count170
\dtl@codeA=\count171
\dtl@codeB=\count172
\@dtl@foreach@level=\count173
)
(C:\Users\julian\AppData\Roaming\MiKTeX\2.9\tex\latex\glossaries\base\glossarie
s-compatible-307.sty
Package: glossaries-compatible-307 2018/06/01 v4.40 (NLCT)
)
\gls@level=\count174
\@gls@tmpb=\toks53
\gls@tmplen=\skip73
\glskeylisttok=\toks54
\glslabeltok=\toks55
\glsshorttok=\toks56
\glslongtok=\toks57

(C:\Users\julian\AppData\Roaming\MiKTeX\2.9\tex\latex\glossaries\styles\glossar
y-hypernav.sty
Package: glossary-hypernav 2018/06/01 v4.40 (NLCT)
)
(C:\Users\julian\AppData\Roaming\MiKTeX\2.9\tex\latex\glossaries\styles\glossar
y-list.sty
Package: glossary-list 2018/06/01 v4.40 (NLCT)
\glslistdottedwidth=\skip74
)
(C:\Users\julian\AppData\Roaming\MiKTeX\2.9\tex\latex\glossaries\styles\glossar
y-long.sty
Package: glossary-long 2018/06/01 v4.40 (NLCT)
\glsdescwidth=\skip75
\glspagelistwidth=\skip76
)
(C:\Users\julian\AppData\Roaming\MiKTeX\2.9\tex\latex\glossaries\styles\glossar
y-super.sty
Package: glossary-super 2018/06/01 v4.40 (NLCT)

(C:\Users\julian\AppData\Roaming\MiKTeX\2.9\tex\latex\supertabular\supertabular
.sty
Package: supertabular 2004/02/20 v4.1e the supertabular environment
\c@tracingst=\count175
\ST@wd=\dimen189
\ST@rightskip=\skip77
\ST@leftskip=\skip78
\ST@parfillskip=\skip79
\ST@pageleft=\dimen190
\ST@headht=\dimen191
\ST@tailht=\dimen192
\ST@pagesofar=\dimen193
\ST@pboxht=\dimen194
\ST@lineht=\dimen195
\ST@stretchht=\dimen196
\ST@prevht=\dimen197
\ST@toadd=\dimen198
\ST@dimen=\dimen199
\ST@pbox=\box46
))
(C:\Users\julian\AppData\Roaming\MiKTeX\2.9\tex\latex\glossaries\styles\glossar
y-tree.sty
Package: glossary-tree 2018/06/01 v4.40 (NLCT)
\glstreeindent=\skip80
))
\glswrite=\write4
\glo@main@file=\write5
\openout5 = `template_thesis.glo'.

Package glossaries Info: Writing glossary file template_thesis.glo on input lin
e 55.
\glo@acronym@file=\write6
\openout6 = `template_thesis.acn'.

Package glossaries Info: Writing glossary file template_thesis.acn on input lin
e 55.

(C:\Users\julian\AppData\Roaming\MiKTeX\2.9\tex\latex\algorithm2e\algorithm2e.s
ty
Package: algorithm2e 2017/07/18 v5.2 algorithms environments
\c@AlgoLine=\count176
\algocf@hangindent=\skip81

(C:\Users\julian\AppData\Roaming\MiKTeX\2.9\tex\latex\ifoddpage\ifoddpage.sty
Package: ifoddpage 2016/04/23 v1.1 Conditionals for odd/even page detection
\c@checkoddpage=\count177
)
(D:\ProgrammeD\miktex\tex\latex\tools\xspace.sty
Package: xspace 2014/10/28 v1.13 Space after command names (DPC,MH)
)
(C:\Users\julian\AppData\Roaming\MiKTeX\2.9\tex\latex\relsize\relsize.sty
Package: relsize 2013/03/29 ver 4.1
)
\skiptotal=\skip82
\skiplinenumber=\skip83
\skiprule=\skip84
\skiphlne=\skip85
\skiptext=\skip86
\skiplength=\skip87
\algomargin=\skip88
\skipalgocfslide=\skip89
\algowidth=\dimen256
\inoutsize=\dimen257
\inoutindent=\dimen258
\interspacetitleruled=\dimen259
\interspacealgoruled=\dimen260
\interspacetitleboxruled=\dimen261
\algocf@ruledwidth=\skip90
\algocf@inoutbox=\box47
\algocf@inputbox=\box48
\AlCapSkip=\skip91
\AlCapHSkip=\skip92
\algoskipindent=\skip93
\algocf@nlbox=\box49
\algocf@hangingbox=\box50
\algocf@untilbox=\box51
\algocf@skipuntil=\skip94
\algocf@capbox=\box52
\algocf@lcaptionbox=\skip95
\algoheightruledefault=\skip96
\algoheightrule=\skip97
\algotitleheightruledefault=\skip98
\algotitleheightrule=\skip99
\c@algocfline=\count178
\c@algocfproc=\count179
\c@algocf=\count180
\algocf@algoframe=\box53
\algocf@algobox=\box54
)
(D:\ProgrammeD\miktex\tex\latex\oberdiek\aliascnt.sty
Package: aliascnt 2016/05/16 v1.4 Alias counters (HO)

(D:\ProgrammeD\miktex\tex\latex\carlisle\remreset.sty

Package remreset Warning: The remreset package is obsolete:
(remreset)                \@removefomresset is defined.

)) (C:\Users\julian\AppData\Roaming\MiKTeX\2.9\tex\latex\fancyvrb\fancyvrb.sty
Package: fancyvrb 2008/02/07

Style option: `fancyvrb' v2.7a, with DG/SPQR fixes, and firstline=lastline fix 
<2008/02/07> (tvz)
\FV@CodeLineNo=\count181
\FV@InFile=\read2
\FV@TabBox=\box55
\c@FancyVerbLine=\count182
\FV@StepNumber=\count183
\FV@OutFile=\write7
)
\c@mylem=\count184
Package typearea Info: These are the values describing the layout:
(typearea)             DIV  = 15
(typearea)             BCOR = 56.9055pt
(typearea)             \paperwidth      = 597.50793pt
(typearea)              \textwidth      = 432.48195pt
(typearea)              DIV departure   = -10%
(typearea)              \evensidemargin = -0.18967pt
(typearea)              \oddsidemargin  = 20.67567pt
(typearea)             \paperheight     = 845.04694pt
(typearea)              \textheight     = 631.15854pt
(typearea)              \topmargin      = -15.93353pt
(typearea)              \headheight     = 20.39995pt
(typearea)              \headsep        = 24.47993pt
(typearea)              \topskip        = 11.0pt
(typearea)              \footskip       = 57.11986pt
(typearea)              \baselineskip   = 16.31996pt
(typearea)              on input line 199.
 (D:\ProgrammeD\miktex\tex\generic\babel\babel.sty
Package: babel 2018/06/05 3.22 The Babel package

(D:\ProgrammeD\miktex\tex\generic\babel\switch.def
File: switch.def 2018/06/05 3.22 Babel switching mechanism
)
*************************************
* Local config file bblopts.cfg used
*
(C:\Users\julian\AppData\Roaming\MiKTeX\2.9\tex\latex\arabi\bblopts.cfg
File: bblopts.cfg 2005/09/08 v0.1 add Arabic and Farsi to "declared" options of
 babel
)
(D:\ProgrammeD\miktex\tex\latex\babel-english\british.ldf
Language: british 2017/06/06 v3.3r English support from the babel system

(D:\ProgrammeD\miktex\tex\latex\babel-english\english.ldf
Language: english 2017/06/06 v3.3r English support from the babel system

(D:\ProgrammeD\miktex\tex\generic\babel\babel.def
File: babel.def 2018/06/05 3.22 Babel common definitions
\babel@savecnt=\count185
\U@D=\dimen262

(D:\ProgrammeD\miktex\tex\generic\babel\txtbabel.def)
\bbl@dirlevel=\count186
)
\l@canadian = a dialect from \language\l@american 
\l@australian = a dialect from \language\l@british 
\l@newzealand = a dialect from \language\l@british 
)))
(C:\Users\julian\AppData\Roaming\MiKTeX\2.9\tex\latex\tocloft\tocloft.sty
Package: tocloft 2017/08/31 v2.3i parameterised ToC, etc., typesetting
Package tocloft Info: The document has chapter divisions on input line 51.
\cftparskip=\skip100
\cftbeforetoctitleskip=\skip101
\cftaftertoctitleskip=\skip102
\cftbeforepartskip=\skip103
\cftpartnumwidth=\skip104
\cftpartindent=\skip105
\cftbeforechapskip=\skip106
\cftchapindent=\skip107
\cftchapnumwidth=\skip108
\cftbeforesecskip=\skip109
\cftsecindent=\skip110
\cftsecnumwidth=\skip111
\cftbeforesubsecskip=\skip112
\cftsubsecindent=\skip113
\cftsubsecnumwidth=\skip114
\cftbeforesubsubsecskip=\skip115
\cftsubsubsecindent=\skip116
\cftsubsubsecnumwidth=\skip117
\cftbeforeparaskip=\skip118
\cftparaindent=\skip119
\cftparanumwidth=\skip120
\cftbeforesubparaskip=\skip121
\cftsubparaindent=\skip122
\cftsubparanumwidth=\skip123
\cftbeforeloftitleskip=\skip124
\cftafterloftitleskip=\skip125
\cftbeforefigskip=\skip126
\cftfigindent=\skip127
\cftfignumwidth=\skip128
\c@lofdepth=\count187
\c@lotdepth=\count188
\cftbeforelottitleskip=\skip129
\cftafterlottitleskip=\skip130
\cftbeforetabskip=\skip131
\cfttabindent=\skip132
\cfttabnumwidth=\skip133
)
(template_thesis.aux

LaTeX Warning: Label `global_gerade_fiber' multiply defined.

)
\openout1 = `template_thesis.aux'.

LaTeX Font Info:    Checking defaults for OML/cmm/m/it on input line 253.
LaTeX Font Info:    ... okay on input line 253.
LaTeX Font Info:    Checking defaults for T1/cmr/m/n on input line 253.
LaTeX Font Info:    ... okay on input line 253.
LaTeX Font Info:    Checking defaults for OT1/cmr/m/n on input line 253.
LaTeX Font Info:    ... okay on input line 253.
LaTeX Font Info:    Checking defaults for OMS/cmsy/m/n on input line 253.
LaTeX Font Info:    ... okay on input line 253.
LaTeX Font Info:    Checking defaults for OMX/cmex/m/n on input line 253.
LaTeX Font Info:    ... okay on input line 253.
LaTeX Font Info:    Checking defaults for U/cmr/m/n on input line 253.
LaTeX Font Info:    ... okay on input line 253.
LaTeX Font Info:    Checking defaults for PD1/pdf/m/n on input line 253.
LaTeX Font Info:    ... okay on input line 253.
Package caption Info: Begin \AtBeginDocument code.
Package caption Info: hyperref package is loaded.
Package caption Info: longtable package is loaded.
 (C:\Users\julian\AppData\Roaming\MiKTeX\2.9\tex\latex\caption\ltcaption.sty
Package: ltcaption 2013/06/09 v1.4-94 longtable captions (AR)
)
Package caption Info: supertabular package is loaded.
Package caption Info: End \AtBeginDocument code.

(C:\Users\julian\AppData\Roaming\MiKTeX\2.9\tex\context\base\supp-pdf.mkii
[Loading MPS to PDF converter (version 2006.09.02).]
\scratchcounter=\count189
\scratchdimen=\dimen263
\scratchbox=\box56
\nofMPsegments=\count190
\nofMParguments=\count191
\everyMPshowfont=\toks58
\MPscratchCnt=\count192
\MPscratchDim=\dimen264
\MPnumerator=\count193
\makeMPintoPDFobject=\count194
\everyMPtoPDFconversion=\toks59
) (D:\ProgrammeD\miktex\tex\latex\oberdiek\epstopdf-base.sty
Package: epstopdf-base 2016/05/15 v2.6 Base part for package epstopdf

(D:\ProgrammeD\miktex\tex\latex\oberdiek\grfext.sty
Package: grfext 2016/05/16 v1.2 Manage graphics extensions (HO)
)
Package epstopdf-base Info: Redefining graphics rule for `.eps' on input line 4
38.
Package grfext Info: Graphics extension search list:
(grfext)             [.pdf,.png,.jpg,.mps,.jpeg,.jbig2,.jb2,.PDF,.PNG,.JPG,.JPE
G,.JBIG2,.JB2,.eps]
(grfext)             \AppendGraphicsExtensions on input line 456.
)
ABD: EveryShipout initializing macros
Package pgfplots notification 'compat/show suggested version=true': you might b
enefit from \pgfplotsset{compat=1.16} (current compat level: 1.13).

\AtBeginShipoutBox=\box57
Package hyperref Info: Link coloring OFF on input line 253.
(D:\ProgrammeD\miktex\tex\latex\hyperref\nameref.sty
Package: nameref 2016/05/21 v2.44 Cross-referencing by name of section

(D:\ProgrammeD\miktex\tex\generic\oberdiek\gettitlestring.sty
Package: gettitlestring 2016/05/16 v1.5 Cleanup title references (HO)
)
\c@section@level=\count195
)
LaTeX Info: Redefining \ref on input line 253.
LaTeX Info: Redefining \pageref on input line 253.
LaTeX Info: Redefining \nameref on input line 253.

(template_thesis.out) (template_thesis.out)
\@outlinefile=\write8
\openout8 = `template_thesis.out'.



Package todonotes Warning: The length marginparwidth is less than 2cm and will 
most likely cause issues with the appearance of inserted todonotes. The issue c
an be solved by adding a line like \setlength {\marginparwidth }{2cm} prior to 
loading the todonotes package. on input line 253.

<Goethe-Logo-blau.pdf, id=50, 771.88374pt x 420.57124pt>
File: Goethe-Logo-blau.pdf Graphic file (type pdf)
<use Goethe-Logo-blau.pdf>
Package pdftex.def Info: Goethe-Logo-blau.pdf  used on input line 262.
(pdftex.def)             Requested size: 154.37401pt x 84.11275pt.
LaTeX Font Info:    Try loading font information for U+msa on input line 262.
(D:\ProgrammeD\miktex\tex\latex\amsfonts\umsa.fd
File: umsa.fd 2013/01/14 v3.01 AMS symbols A
)
LaTeX Font Info:    Try loading font information for U+msb on input line 262.

(D:\ProgrammeD\miktex\tex\latex\amsfonts\umsb.fd
File: umsb.fd 2013/01/14 v3.01 AMS symbols B
) [1

\openout4 = `template_thesis.ist'.


{C:/Users/julian/AppData/Local/MiKTeX/2.9/pdftex/config/pdftex.map} <./Goethe-L
ogo-blau.pdf>] [2

]
LaTeX Font Info:    Try loading font information for OMS+cmr on input line 271.


(D:\ProgrammeD\miktex\tex\latex\base\omscmr.fd
File: omscmr.fd 2014/09/29 v2.5h Standard LaTeX font definitions
)
LaTeX Font Info:    Font shape `OMS/cmr/m/n' in size <10.95> not available
(Font)              Font shape `OMS/cmsy/m/n' tried instead on input line 271.

Underfull \hbox (badness 10000) in paragraph at lines 274--275

 []


Underfull \hbox (badness 10000) in paragraph at lines 278--285

 []


Underfull \hbox (badness 10000) in paragraph at lines 278--285

 []


Underfull \hbox (badness 10000) in paragraph at lines 278--285

 []


Underfull \hbox (badness 10000) in paragraph at lines 278--285

 []

[3] [4

] (template_thesis.toc)
\tf@toc=\write9
\openout9 = `template_thesis.toc'.

 [5

] [6

]
chapter 1.

Overfull \hbox (0.76213pt too wide) in paragraph at lines 310--324
\OT1/cmr/m/n/10.95 Wenn nun ein Konzen-tra-tionsgefalle einer bestim-mten Ion-
ensorte $\OML/cmm/m/it/10.95 $ \OT1/cmr/m/n/10.95 an der Mem-bran vorliegt
 []


Overfull \hbox (19.11009pt too wide) in paragraph at lines 328--353
\OML/cmm/m/it/10.95 R \OT1/cmr/m/n/10.95 = 8\OML/cmm/m/it/10.95 :\OT1/cmr/m/n/1
0.95 314[][][][]K[]$ ist die uni-verselle Gaskon-stante, $\OML/cmm/m/it/10.95 F
 \OT1/cmr/m/n/10.95 = 96\OML/cmm/m/it/10.95 :\OT1/cmr/m/n/10.95 485[][]$ die Fa
raday'sche
 []


Overfull \hbox (3.2981pt too wide) in paragraph at lines 328--353
\OT1/cmr/m/n/10.95 Typischerweise liegt das Ruhe-m-em-bran-po-ten-tial einer He
rzmus-kelzelle bei $\OMS/cmsy/m/n/10.95  \OT1/cmr/m/n/10.95 85$ mV. Auffallig
 []


LaTeX Warning: `h' float specifier changed to `ht'.

[7]
Underfull \hbox (badness 10000) in paragraph at lines 399--433

 []

[8]
Underfull \hbox (badness 10000) in paragraph at lines 434--435

 []

[9]
Missing character: There is no ; in font nullfont!
Missing character: There is no ; in font nullfont!
Missing character: There is no ; in font nullfont!


LaTeX Warning: `h' float specifier changed to `ht'.

[10

] [11] [12

] [13

]
Underfull \vbox (badness 10000) has occurred while \output is active []

 [14]
[15] [16

]
chapter 2.
[17]
<heart000.png, id=214, 112.92188pt x 117.43875pt>
File: heart000.png Graphic file (type png)
<use heart000.png>
Package pdftex.def Info: heart000.png  used on input line 948.
(pdftex.def)             Requested size: 112.92159pt x 117.43845pt.

Overfull \hbox (2.47597pt too wide) in paragraph at lines 972--994
[]$ \OT1/cmr/m/n/10.95 bes-chreibt die ein-zelnen Ele-mente des Mod-ells, also 
welche Knoten zu welchen
 []


Underfull \hbox (badness 10000) in paragraph at lines 972--994

 []


Underfull \vbox (badness 10000) has occurred while \output is active []

 [18

 <./heart000.png>]
Underfull \hbox (badness 10000) in paragraph at lines 996--999

 []

[19]
Overfull \hbox (14.90643pt too wide) in paragraph at lines 1014--1018
\OT1/cmr/m/n/10.95 Erstellt von [][]\OT1/cmtt/m/n/10.95 Fieldmodule[]\OT1/cmr/m
/n/10.95 . Speich-ert die Werte der Para-meter an den Knoten/Elementen.
 []


Overfull \hbox (5.36646pt too wide) in paragraph at lines 1014--1018
\OT1/cmr/m/n/10.95 Soll beis-piels-weise ein Para-meter eines Knotens aus-gegeb
en wer-den, muss dieser Knoten
 []

[20]
chapter 3.

Underfull \hbox (badness 10000) in paragraph at lines 1025--1050

 []

[21


]
Overfull \hbox (18.1982pt too wide) in paragraph at lines 1131--1135
[][] 
 []

[22

]
Underfull \hbox (badness 10000) in paragraph at lines 1207--1227

 []


Underfull \hbox (badness 10000) in paragraph at lines 1207--1227

 []

<heart111.png, id=253, 374.90062pt x 401.24907pt>
File: heart111.png Graphic file (type png)
<use heart111.png>
Package pdftex.def Info: heart111.png  used on input line 1232.
(pdftex.def)             Requested size: 132.92189pt x 142.26378pt.

Overfull \hbox (3.176pt too wide) in paragraph at lines 1232--1233
 [][] 
 []


Underfull \hbox (badness 6741) in paragraph at lines 1233--1233
[][][]|\OT1/cmr/m/n/10 Eine Ver-feiner-ung pro
 []

<heart222.png, id=254, 377.91188pt x 403.5075pt>
File: heart222.png Graphic file (type png)
<use heart222.png>
Package pdftex.def Info: heart222.png  used on input line 1238.
(pdftex.def)             Requested size: 133.2399pt x 142.26378pt.

Overfull \hbox (3.494pt too wide) in paragraph at lines 1238--1239
 [][] 
 []

<heart444.png, id=255, 379.4175pt x 402.75468pt>
File: heart444.png Graphic file (type png)
<use heart444.png>
Package pdftex.def Info: heart444.png  used on input line 1244.
(pdftex.def)             Requested size: 134.01968pt x 142.26378pt.

Overfull \hbox (4.27379pt too wide) in paragraph at lines 1244--1245
 [][] 
 []

[23

 <./heart111.png> <./heart222.png> <./heart444.png>]
<heart111_mesh.png, id=265, 378.66469pt x 403.5075pt>
File: heart111_mesh.png Graphic file (type png)
<use heart111_mesh.png>
Package pdftex.def Info: heart111_mesh.png  used on input line 1257.
(pdftex.def)             Requested size: 133.50531pt x 142.26378pt.

Overfull \hbox (3.75941pt too wide) in paragraph at lines 1257--1258
 [][] 
 []


Underfull \hbox (badness 6741) in paragraph at lines 1258--1258
[][][]|\OT1/cmr/m/n/10 Eine Ver-feiner-ung pro
 []

<heart222_mesh.png, id=266, 380.17032pt x 402.00188pt>
File: heart222_mesh.png Graphic file (type png)
<use heart222_mesh.png>
Package pdftex.def Info: heart222_mesh.png  used on input line 1263.
(pdftex.def)             Requested size: 134.53503pt x 142.26378pt.

Overfull \hbox (4.78914pt too wide) in paragraph at lines 1263--1264
 [][] 
 []

<heart444_mesh.png, id=267, 377.91188pt x 403.5075pt>
File: heart444_mesh.png Graphic file (type png)
<use heart444_mesh.png>
Package pdftex.def Info: heart444_mesh.png  used on input line 1269.
(pdftex.def)             Requested size: 133.2399pt x 142.26378pt.

Overfull \hbox (3.494pt too wide) in paragraph at lines 1269--1270
 [][] 
 []


Overfull \hbox (40.80606pt too wide) in paragraph at lines 1387--1388
 [][] 
 []


LaTeX Warning: `h' float specifier changed to `ht'.


Underfull \hbox (badness 1371) in paragraph at lines 1468--1468
[][][]|\OT1/cmr/m/n/10.95 Bei Be-trach-tung eines verzer-rten Ele-ments wird de
ut-lich, warum $\OML/cmm/m/it/10.95 v[]$
 []


LaTeX Warning: `h' float specifier changed to `ht'.

[24

 <./heart111_mesh.png> <./heart222_mesh.png> <./heart444_mesh.png>] [25]
<fibers_200_1.png, id=290, 572.1375pt x 606.01407pt>
File: fibers_200_1.png Graphic file (type png)
<use fibers_200_1.png>
Package pdftex.def Info: fibers_200_1.png  used on input line 1504.
(pdftex.def)             Requested size: 134.31264pt x 142.26378pt.
<fibers_200_2.png, id=291, 563.85657pt x 597.73312pt>
File: fibers_200_2.png Graphic file (type png)
<use fibers_200_2.png>
Package pdftex.def Info: fibers_200_2.png  used on input line 1510.
(pdftex.def)             Requested size: 134.20125pt x 142.26378pt.

Overfull \hbox (7.29999pt too wide) in paragraph at lines 1502--1513
[][]   [] 
 []

<fibers_200_1_surface.png, id=292, 551.05875pt x 621.82312pt>
File: fibers_200_1_surface.png Graphic file (type png)
<use fibers_200_1_surface.png>
Package pdftex.def Info: fibers_200_1_surface.png  used on input line 1524.
(pdftex.def)             Requested size: 126.06816pt x 142.26378pt.
<fibers_200_2_surface.png, id=293, 562.35094pt x 594.72188pt>
File: fibers_200_2_surface.png Graphic file (type png)
<use fibers_200_2_surface.png>
Package pdftex.def Info: fibers_200_2_surface.png  used on input line 1530.
(pdftex.def)             Requested size: 134.51219pt x 142.26378pt.

Overfull \hbox (7.29999pt too wide) in paragraph at lines 1522--1533
[][]   [] 
 []

<fibers_200_2_surface_center.png, id=294, 542.77782pt x 571.38469pt>
File: fibers_200_2_surface_center.png Graphic file (type png)
<use fibers_200_2_surface_center.png>
Package pdftex.def Info: fibers_200_2_surface_center.png  used on input line 15
42.
(pdftex.def)             Requested size: 135.1392pt x 142.26378pt.
[26

 <./fibers_200_1.png> <./fibers_200_2.png>] (template_thesis.acr)
(template_thesis.bbl [27 <./fibers_200_1_surface.png> <./fibers_200_2_surface.p
ng> <./fibers_200_2_surface_center.png>] [28

]
chapter without number

Underfull \hbox (badness 1546) in paragraph at lines 41--44
[]\OT1/cmr/m/n/10.95 Opencmiss - get-ting star-ted.  []$\OT1/cmtt/m/n/10.95 htt
p : / / opencmiss . org / documentation / getting _
 []

) [29
runsystem(makeindex -s template_thesis.ist -t template_thesis.glg -o template_t
hesis.gls template_thesis.glo)...executed (allowed).

runsystem(makeindex -s template_thesis.ist -t template_thesis.alg -o template_t
hesis.acr template_thesis.acn)...executed (allowed).

]
Package atveryend Info: Empty hook `BeforeClearDocument' on input line 1588.
Package atveryend Info: Empty hook `AfterLastShipout' on input line 1588.
 (template_thesis.aux)
Package atveryend Info: Executing hook `AtVeryEndDocument' on input line 1588.
Package atveryend Info: Executing hook `AtEndAfterFileList' on input line 1588.

Package rerunfilecheck Info: File `template_thesis.out' has not changed.
(rerunfilecheck)             Checksum: 0B2B0EAA766EA776FD0EBD8C74DCC394;725.


LaTeX Warning: There were multiply-defined labels.

Package atveryend Info: Empty hook `AtVeryVeryEnd' on input line 1588.
 ) 
Here is how much of TeX's memory you used:
 37250 strings out of 492973
 835374 string characters out of 3139037
 1185272 words of memory out of 3000000
 40358 multiletter control sequences out of 15000+200000
 19406 words of font info for 74 fonts, out of 3000000 for 9000
 1141 hyphenation exceptions out of 8191
 73i,16n,103p,9096b,1197s stack positions out of 5000i,500n,10000p,200000b,50000s
<D:/ProgrammeD/miktex/fonts/type1/public/amsfonts/cm/cmbx10.pfb><D:/Programme
D/miktex/fonts/type1/public/amsfonts/cm/cmbx12.pfb><D:/ProgrammeD/miktex/fonts/
type1/public/amsfonts/cm/cmex10.pfb><D:/ProgrammeD/miktex/fonts/type1/public/am
sfonts/cm/cmmi10.pfb><D:/ProgrammeD/miktex/fonts/type1/public/amsfonts/cm/cmmi6
.pfb><D:/ProgrammeD/miktex/fonts/type1/public/amsfonts/cm/cmmi8.pfb><D:/Program
meD/miktex/fonts/type1/public/amsfonts/cm/cmmi9.pfb><D:/ProgrammeD/miktex/fonts
/type1/public/amsfonts/cm/cmr10.pfb><D:/ProgrammeD/miktex/fonts/type1/public/am
sfonts/cm/cmr12.pfb><D:/ProgrammeD/miktex/fonts/type1/public/amsfonts/cm/cmr5.p
fb><D:/ProgrammeD/miktex/fonts/type1/public/amsfonts/cm/cmr6.pfb><D:/ProgrammeD
/miktex/fonts/type1/public/amsfonts/cm/cmr8.pfb><D:/ProgrammeD/miktex/fonts/typ
e1/public/amsfonts/cm/cmsl10.pfb><D:/ProgrammeD/miktex/fonts/type1/public/amsfo
nts/cm/cmssbx10.pfb><D:/ProgrammeD/miktex/fonts/type1/public/amsfonts/cm/cmsy10
.pfb><D:/ProgrammeD/miktex/fonts/type1/public/amsfonts/cm/cmsy6.pfb><D:/Program
meD/miktex/fonts/type1/public/amsfonts/cm/cmsy8.pfb><D:/ProgrammeD/miktex/fonts
/type1/public/amsfonts/cm/cmti10.pfb><D:/ProgrammeD/miktex/fonts/type1/public/a
msfonts/cm/cmtt10.pfb>
Output written on template_thesis.pdf (29 pages, 1431152 bytes).
PDF statistics:
 409 PDF objects out of 1000 (max. 8388607)
 85 named destinations out of 1000 (max. 500000)
 166 words of extra memory for PDF output out of 10000 (max. 10000000)

